<?xml version="1.0" encoding="UTF-8"?>
<!-- Generated by org.testng.reporters.JUnitXMLReporter -->
<testsuite ignored="0" hostname="Narinderpals-MacBook-Pro.local" failures="0" tests="3" name="All Tests" time="15.067" errors="0" timestamp="2023-10-02T21:29:25 EDT">
  <testcase classname="tests.LoginTest" name="refreshPage" time="0.19"/>
  <testcase classname="tests.ForgotPassWordTest" name="forgotPasswordTest" time="2.067"/>
  <testcase classname="tests.LoginTest" name="loginWrong" time="11.312"/>
</testsuite> <!-- All Tests -->
