<?xml version="1.0" encoding="UTF-8"?>
<testng-results ignored="0" total="1" passed="1" failed="0" skipped="0">
  <reporter-output>
  </reporter-output>
  <suite started-at="2023-10-02T12:58:15 EDT" name="Suite" finished-at="2023-10-02T12:58:21 EDT" duration-ms="5427">
    <groups>
    </groups>
    <test started-at="2023-10-02T12:58:15 EDT" name="Test" finished-at="2023-10-02T12:58:21 EDT" duration-ms="5427">
      <class name="Jenkins.Learning.NewTest">
        <test-method signature="f()[pri:0, instance:Jenkins.Learning.NewTest@4b44655e]" started-at="2023-10-02T12:58:15 EDT" name="f" finished-at="2023-10-02T12:58:21 EDT" duration-ms="5413" status="PASS">
          <reporter-output>
          </reporter-output>
        </test-method> <!-- f -->
      </class> <!-- Jenkins.Learning.NewTest -->
    </test> <!-- Test -->
  </suite> <!-- Suite -->
</testng-results>
