<?xml version="1.0" encoding="UTF-8"?>
<testng-results ignored="0" total="1" passed="1" failed="0" skipped="0">
  <reporter-output>
  </reporter-output>
  <suite started-at="2023-10-02T13:49:05 EDT" name="Suite" finished-at="2023-10-02T13:49:10 EDT" duration-ms="4921">
    <groups>
    </groups>
    <test started-at="2023-10-02T13:49:05 EDT" name="Test" finished-at="2023-10-02T13:49:10 EDT" duration-ms="4921">
      <class name="tests.NewTest">
        <test-method signature="f()[pri:0, instance:tests.NewTest@4b44655e]" started-at="2023-10-02T13:49:05 EDT" name="f" finished-at="2023-10-02T13:49:10 EDT" duration-ms="4899" status="PASS">
          <reporter-output>
          </reporter-output>
        </test-method> <!-- f -->
      </class> <!-- tests.NewTest -->
    </test> <!-- Test -->
  </suite> <!-- Suite -->
</testng-results>
