<?xml version="1.0" encoding="UTF-8"?>
<testng-results ignored="0" total="1" passed="1" failed="0" skipped="0">
  <reporter-output>
  </reporter-output>
  <suite started-at="2023-10-02T12:41:17 EDT" name="Default suite" finished-at="2023-10-02T12:41:23 EDT" duration-ms="5472">
    <groups>
    </groups>
    <test started-at="2023-10-02T12:41:17 EDT" name="Default test" finished-at="2023-10-02T12:41:23 EDT" duration-ms="5472">
      <class name="NewTest">
        <test-method signature="f()[pri:0, instance:NewTest@9225652]" started-at="2023-10-02T12:41:17 EDT" name="f" finished-at="2023-10-02T12:41:23 EDT" duration-ms="5459" status="PASS">
          <reporter-output>
          </reporter-output>
        </test-method> <!-- f -->
      </class> <!-- NewTest -->
    </test> <!-- Default test -->
  </suite> <!-- Default suite -->
</testng-results>
