<?xml version="1.0" encoding="UTF-8"?>
<testng-results ignored="0" total="1" passed="1" failed="0" skipped="0">
  <reporter-output>
  </reporter-output>
  <suite started-at="2023-10-02T13:45:15 EDT" name="Default suite" finished-at="2023-10-02T13:45:20 EDT" duration-ms="5319">
    <groups>
    </groups>
    <test started-at="2023-10-02T13:45:15 EDT" name="Default test" finished-at="2023-10-02T13:45:20 EDT" duration-ms="5319">
      <class name="tests.NewTest">
        <test-method signature="f()[pri:0, instance:tests.NewTest@64cd705f]" started-at="2023-10-02T13:45:15 EDT" name="f" finished-at="2023-10-02T13:45:20 EDT" duration-ms="5301" status="PASS">
          <reporter-output>
          </reporter-output>
        </test-method> <!-- f -->
      </class> <!-- tests.NewTest -->
    </test> <!-- Default test -->
  </suite> <!-- Default suite -->
</testng-results>
